<?xml version="1.0" encoding="UTF-8"?>
<testsuite xmlns:xsi="http://www.w3.org/2001/XMLSchema-instance" xsi:noNamespaceSchemaLocation="https://maven.apache.org/surefire/maven-surefire-plugin/xsd/surefire-test-report-3.0.xsd" version="3.0" name="ScriptConnector.ScriptConnectorTest" time="2.632" tests="3" errors="0" skipped="0" failures="0">
  <properties>
    <property name="java.specification.version" value="21"/>
    <property name="sun.cpu.isalist" value="amd64"/>
    <property name="sun.jnu.encoding" value="Cp1252"/>
    <property name="java.class.path" value="C:\Users\akabba-adm\Desktop\Conn\ScriptConnector\target\test-classes;C:\Users\akabba-adm\Desktop\Conn\ScriptConnector\target\classes;C:\Users\akabba-adm\.m2\repository\net\tirasa\connid\connector-framework\1.4.3.0\connector-framework-1.4.3.0.jar;C:\Users\akabba-adm\.m2\repository\net\tirasa\connid\connector-framework-internal\1.4.3.0\connector-framework-internal-1.4.3.0.jar;C:\Users\akabba-adm\.m2\repository\org\apache\felix\maven-bundle-plugin\6.0.0\maven-bundle-plugin-6.0.0.jar;C:\Users\akabba-adm\.m2\repository\org\osgi\org.osgi.core\4.3.1\org.osgi.core-4.3.1.jar;C:\Users\akabba-adm\.m2\repository\biz\aQute\bnd\biz.aQute.bndlib\7.0.0\biz.aQute.bndlib-7.0.0.jar;C:\Users\akabba-adm\.m2\repository\org\osgi\org.osgi.dto\1.0.0\org.osgi.dto-1.0.0.jar;C:\Users\akabba-adm\.m2\repository\org\osgi\org.osgi.resource\1.0.0\org.osgi.resource-1.0.0.jar;C:\Users\akabba-adm\.m2\repository\org\osgi\org.osgi.framework\1.8.0\org.osgi.framework-1.8.0.jar;C:\Users\akabba-adm\.m2\repository\org\osgi\org.osgi.util.tracker\1.5.4\org.osgi.util.tracker-1.5.4.jar;C:\Users\akabba-adm\.m2\repository\org\osgi\osgi.annotation\8.0.1\osgi.annotation-8.0.1.jar;C:\Users\akabba-adm\.m2\repository\org\osgi\org.osgi.service.log\1.3.0\org.osgi.service.log-1.3.0.jar;C:\Users\akabba-adm\.m2\repository\org\osgi\org.osgi.service.repository\1.1.0\org.osgi.service.repository-1.1.0.jar;C:\Users\akabba-adm\.m2\repository\org\osgi\org.osgi.util.function\1.2.0\org.osgi.util.function-1.2.0.jar;C:\Users\akabba-adm\.m2\repository\org\osgi\org.osgi.util.promise\1.2.0\org.osgi.util.promise-1.2.0.jar;C:\Users\akabba-adm\.m2\repository\biz\aQute\bnd\biz.aQute.bnd.util\7.0.0\biz.aQute.bnd.util-7.0.0.jar;C:\Users\akabba-adm\.m2\repository\org\slf4j\slf4j-api\1.7.24\slf4j-api-1.7.24.jar;C:\Users\akabba-adm\.m2\repository\org\apache\felix\org.apache.felix.bundlerepository\1.6.6\org.apache.felix.bundlerepository-1.6.6.jar;C:\Users\akabba-adm\.m2\repository\org\easymock\easymock\2.4\easymock-2.4.jar;C:\Users\akabba-adm\.m2\repository\org\apache\felix\org.apache.felix.utils\1.6.0\org.apache.felix.utils-1.6.0.jar;C:\Users\akabba-adm\.m2\repository\org\osgi\org.osgi.compendium\4.2.0\org.osgi.compendium-4.2.0.jar;C:\Users\akabba-adm\.m2\repository\org\apache\maven\reporting\maven-reporting-api\3.0\maven-reporting-api-3.0.jar;C:\Users\akabba-adm\.m2\repository\org\apache\maven\maven-archiver\3.5.2\maven-archiver-3.5.2.jar;C:\Users\akabba-adm\.m2\repository\org\apache\maven\maven-artifact\3.1.1\maven-artifact-3.1.1.jar;C:\Users\akabba-adm\.m2\repository\org\apache\maven\maven-model\3.1.1\maven-model-3.1.1.jar;C:\Users\akabba-adm\.m2\repository\org\apache\maven\maven-core\3.1.1\maven-core-3.1.1.jar;C:\Users\akabba-adm\.m2\repository\org\apache\maven\maven-settings\3.1.1\maven-settings-3.1.1.jar;C:\Users\akabba-adm\.m2\repository\org\apache\maven\maven-settings-builder\3.1.1\maven-settings-builder-3.1.1.jar;C:\Users\akabba-adm\.m2\repository\org\apache\maven\maven-repository-metadata\3.1.1\maven-repository-metadata-3.1.1.jar;C:\Users\akabba-adm\.m2\repository\org\apache\maven\maven-plugin-api\3.1.1\maven-plugin-api-3.1.1.jar;C:\Users\akabba-adm\.m2\repository\org\apache\maven\maven-model-builder\3.1.1\maven-model-builder-3.1.1.jar;C:\Users\akabba-adm\.m2\repository\org\apache\maven\maven-aether-provider\3.1.1\maven-aether-provider-3.1.1.jar;C:\Users\akabba-adm\.m2\repository\org\eclipse\aether\aether-spi\0.9.0.M2\aether-spi-0.9.0.M2.jar;C:\Users\akabba-adm\.m2\repository\org\eclipse\aether\aether-impl\0.9.0.M2\aether-impl-0.9.0.M2.jar;C:\Users\akabba-adm\.m2\repository\org\eclipse\aether\aether-api\0.9.0.M2\aether-api-0.9.0.M2.jar;C:\Users\akabba-adm\.m2\repository\org\eclipse\sisu\org.eclipse.sisu.plexus\0.0.0.M5\org.eclipse.sisu.plexus-0.0.0.M5.jar;C:\Users\akabba-adm\.m2\repository\javax\enterprise\cdi-api\1.0\cdi-api-1.0.jar;C:\Users\akabba-adm\.m2\repository\javax\annotation\jsr250-api\1.0\jsr250-api-1.0.jar;C:\Users\akabba-adm\.m2\repository\javax\inject\javax.inject\1\javax.inject-1.jar;C:\Users\akabba-adm\.m2\repository\com\google\guava\guava\10.0.1\guava-10.0.1.jar;C:\Users\akabba-adm\.m2\repository\com\google\code\findbugs\jsr305\1.3.9\jsr305-1.3.9.jar;C:\Users\akabba-adm\.m2\repository\org\sonatype\sisu\sisu-guice\3.1.0\sisu-guice-3.1.0-no_aop.jar;C:\Users\akabba-adm\.m2\repository\aopalliance\aopalliance\1.0\aopalliance-1.0.jar;C:\Users\akabba-adm\.m2\repository\org\eclipse\sisu\org.eclipse.sisu.inject\0.0.0.M5\org.eclipse.sisu.inject-0.0.0.M5.jar;C:\Users\akabba-adm\.m2\repository\org\codehaus\plexus\plexus-classworlds\2.5.1\plexus-classworlds-2.5.1.jar;C:\Users\akabba-adm\.m2\repository\org\sonatype\plexus\plexus-sec-dispatcher\1.3\plexus-sec-dispatcher-1.3.jar;C:\Users\akabba-adm\.m2\repository\org\sonatype\plexus\plexus-cipher\1.4\plexus-cipher-1.4.jar;C:\Users\akabba-adm\.m2\repository\org\apache\maven\shared\maven-shared-utils\3.3.3\maven-shared-utils-3.3.3.jar;C:\Users\akabba-adm\.m2\repository\org\apache\commons\commons-compress\1.20\commons-compress-1.20.jar;C:\Users\akabba-adm\.m2\repository\org\codehaus\plexus\plexus-archiver\4.2.7\plexus-archiver-4.2.7.jar;C:\Users\akabba-adm\.m2\repository\org\codehaus\plexus\plexus-io\3.2.0\plexus-io-3.2.0.jar;C:\Users\akabba-adm\.m2\repository\org\iq80\snappy\snappy\0.4\snappy-0.4.jar;C:\Users\akabba-adm\.m2\repository\org\tukaani\xz\1.9\xz-1.9.jar;C:\Users\akabba-adm\.m2\repository\org\codehaus\plexus\plexus-interpolation\1.26\plexus-interpolation-1.26.jar;C:\Users\akabba-adm\.m2\repository\org\apache\maven\shared\maven-dependency-tree\3.0\maven-dependency-tree-3.0.jar;C:\Users\akabba-adm\.m2\repository\org\codehaus\plexus\plexus-component-annotations\1.6\plexus-component-annotations-1.6.jar;C:\Users\akabba-adm\.m2\repository\org\eclipse\aether\aether-util\0.9.0.M2\aether-util-0.9.0.M2.jar;C:\Users\akabba-adm\.m2\repository\org\codehaus\plexus\plexus-utils\3.3.0\plexus-utils-3.3.0.jar;C:\Users\akabba-adm\.m2\repository\org\sonatype\plexus\plexus-build-api\0.0.7\plexus-build-api-0.0.7.jar;C:\Users\akabba-adm\.m2\repository\org\apache\maven\doxia\doxia-sink-api\1.0\doxia-sink-api-1.0.jar;C:\Users\akabba-adm\.m2\repository\org\apache\maven\doxia\doxia-site-renderer\1.0\doxia-site-renderer-1.0.jar;C:\Users\akabba-adm\.m2\repository\org\apache\maven\doxia\doxia-core\1.0\doxia-core-1.0.jar;C:\Users\akabba-adm\.m2\repository\org\codehaus\plexus\plexus-i18n\1.0-beta-7\plexus-i18n-1.0-beta-7.jar;C:\Users\akabba-adm\.m2\repository\org\codehaus\plexus\plexus-container-default\1.0-alpha-30\plexus-container-default-1.0-alpha-30.jar;C:\Users\akabba-adm\.m2\repository\org\codehaus\plexus\plexus-velocity\1.1.7\plexus-velocity-1.1.7.jar;C:\Users\akabba-adm\.m2\repository\org\apache\velocity\velocity\1.5\velocity-1.5.jar;C:\Users\akabba-adm\.m2\repository\commons-lang\commons-lang\2.1\commons-lang-2.1.jar;C:\Users\akabba-adm\.m2\repository\oro\oro\2.0.8\oro-2.0.8.jar;C:\Users\akabba-adm\.m2\repository\org\apache\maven\doxia\doxia-decoration-model\1.0\doxia-decoration-model-1.0.jar;C:\Users\akabba-adm\.m2\repository\commons-collections\commons-collections\3.2\commons-collections-3.2.jar;C:\Users\akabba-adm\.m2\repository\org\apache\maven\doxia\doxia-module-apt\1.0\doxia-module-apt-1.0.jar;C:\Users\akabba-adm\.m2\repository\org\apache\maven\doxia\doxia-module-fml\1.0\doxia-module-fml-1.0.jar;C:\Users\akabba-adm\.m2\repository\org\apache\maven\doxia\doxia-module-xdoc\1.0\doxia-module-xdoc-1.0.jar;C:\Users\akabba-adm\.m2\repository\org\apache\maven\doxia\doxia-module-xhtml\1.0\doxia-module-xhtml-1.0.jar;C:\Users\akabba-adm\.m2\repository\net\tirasa\connid\connector-test-common\1.4.3.0\connector-test-common-1.4.3.0.jar;C:\Users\akabba-adm\.m2\repository\commons-io\commons-io\2.4\commons-io-2.4.jar;C:\Users\akabba-adm\.m2\repository\junit\junit\4.12\junit-4.12.jar;C:\Users\akabba-adm\.m2\repository\org\hamcrest\hamcrest-core\1.3\hamcrest-core-1.3.jar;C:\Users\akabba-adm\.m2\repository\org\junit\jupiter\junit-jupiter\5.13.0-M2\junit-jupiter-5.13.0-M2.jar;C:\Users\akabba-adm\.m2\repository\org\junit\jupiter\junit-jupiter-api\5.13.0-M2\junit-jupiter-api-5.13.0-M2.jar;C:\Users\akabba-adm\.m2\repository\org\opentest4j\opentest4j\1.3.0\opentest4j-1.3.0.jar;C:\Users\akabba-adm\.m2\repository\org\junit\platform\junit-platform-commons\1.13.0-M2\junit-platform-commons-1.13.0-M2.jar;C:\Users\akabba-adm\.m2\repository\org\apiguardian\apiguardian-api\1.1.2\apiguardian-api-1.1.2.jar;C:\Users\akabba-adm\.m2\repository\org\junit\jupiter\junit-jupiter-params\5.13.0-M2\junit-jupiter-params-5.13.0-M2.jar;C:\Users\akabba-adm\.m2\repository\org\junit\jupiter\junit-jupiter-engine\5.13.0-M2\junit-jupiter-engine-5.13.0-M2.jar;C:\Users\akabba-adm\.m2\repository\org\junit\platform\junit-platform-engine\1.13.0-M2\junit-platform-engine-1.13.0-M2.jar;C:\Users\akabba-adm\.m2\repository\org\mockito\mockito-core\5.16.0\mockito-core-5.16.0.jar;C:\Users\akabba-adm\.m2\repository\net\bytebuddy\byte-buddy\1.15.11\byte-buddy-1.15.11.jar;C:\Users\akabba-adm\.m2\repository\net\bytebuddy\byte-buddy-agent\1.15.11\byte-buddy-agent-1.15.11.jar;C:\Users\akabba-adm\.m2\repository\org\objenesis\objenesis\3.3\objenesis-3.3.jar;"/>
    <property name="java.vm.vendor" value="Oracle Corporation"/>
    <property name="sun.arch.data.model" value="64"/>
    <property name="user.variant" value=""/>
    <property name="java.vendor.url" value="https://java.oracle.com/"/>
    <property name="user.timezone" value="Europe/Paris"/>
    <property name="user.country.format" value="FR"/>
    <property name="os.name" value="Windows Server 2019"/>
    <property name="java.vm.specification.version" value="21"/>
    <property name="sun.java.launcher" value="SUN_STANDARD"/>
    <property name="user.country" value="US"/>
    <property name="sun.boot.library.path" value="C:\Program Files\Java\jdk-21\bin"/>
    <property name="sun.java.command" value="C:\Users\akabba-adm\AppData\Local\Temp\2\surefire12228120177296487925\surefirebooter-20250325094247318_3.jar C:\Users\akabba-adm\AppData\Local\Temp\2\surefire12228120177296487925 2025-03-25T09-42-45_656-jvmRun1 surefire-20250325094247318_1tmp surefire_0-20250325094247318_2tmp"/>
    <property name="jdk.debug" value="release"/>
    <property name="surefire.test.class.path" value="C:\Users\akabba-adm\Desktop\Conn\ScriptConnector\target\test-classes;C:\Users\akabba-adm\Desktop\Conn\ScriptConnector\target\classes;C:\Users\akabba-adm\.m2\repository\net\tirasa\connid\connector-framework\1.4.3.0\connector-framework-1.4.3.0.jar;C:\Users\akabba-adm\.m2\repository\net\tirasa\connid\connector-framework-internal\1.4.3.0\connector-framework-internal-1.4.3.0.jar;C:\Users\akabba-adm\.m2\repository\org\apache\felix\maven-bundle-plugin\6.0.0\maven-bundle-plugin-6.0.0.jar;C:\Users\akabba-adm\.m2\repository\org\osgi\org.osgi.core\4.3.1\org.osgi.core-4.3.1.jar;C:\Users\akabba-adm\.m2\repository\biz\aQute\bnd\biz.aQute.bndlib\7.0.0\biz.aQute.bndlib-7.0.0.jar;C:\Users\akabba-adm\.m2\repository\org\osgi\org.osgi.dto\1.0.0\org.osgi.dto-1.0.0.jar;C:\Users\akabba-adm\.m2\repository\org\osgi\org.osgi.resource\1.0.0\org.osgi.resource-1.0.0.jar;C:\Users\akabba-adm\.m2\repository\org\osgi\org.osgi.framework\1.8.0\org.osgi.framework-1.8.0.jar;C:\Users\akabba-adm\.m2\repository\org\osgi\org.osgi.util.tracker\1.5.4\org.osgi.util.tracker-1.5.4.jar;C:\Users\akabba-adm\.m2\repository\org\osgi\osgi.annotation\8.0.1\osgi.annotation-8.0.1.jar;C:\Users\akabba-adm\.m2\repository\org\osgi\org.osgi.service.log\1.3.0\org.osgi.service.log-1.3.0.jar;C:\Users\akabba-adm\.m2\repository\org\osgi\org.osgi.service.repository\1.1.0\org.osgi.service.repository-1.1.0.jar;C:\Users\akabba-adm\.m2\repository\org\osgi\org.osgi.util.function\1.2.0\org.osgi.util.function-1.2.0.jar;C:\Users\akabba-adm\.m2\repository\org\osgi\org.osgi.util.promise\1.2.0\org.osgi.util.promise-1.2.0.jar;C:\Users\akabba-adm\.m2\repository\biz\aQute\bnd\biz.aQute.bnd.util\7.0.0\biz.aQute.bnd.util-7.0.0.jar;C:\Users\akabba-adm\.m2\repository\org\slf4j\slf4j-api\1.7.24\slf4j-api-1.7.24.jar;C:\Users\akabba-adm\.m2\repository\org\apache\felix\org.apache.felix.bundlerepository\1.6.6\org.apache.felix.bundlerepository-1.6.6.jar;C:\Users\akabba-adm\.m2\repository\org\easymock\easymock\2.4\easymock-2.4.jar;C:\Users\akabba-adm\.m2\repository\org\apache\felix\org.apache.felix.utils\1.6.0\org.apache.felix.utils-1.6.0.jar;C:\Users\akabba-adm\.m2\repository\org\osgi\org.osgi.compendium\4.2.0\org.osgi.compendium-4.2.0.jar;C:\Users\akabba-adm\.m2\repository\org\apache\maven\reporting\maven-reporting-api\3.0\maven-reporting-api-3.0.jar;C:\Users\akabba-adm\.m2\repository\org\apache\maven\maven-archiver\3.5.2\maven-archiver-3.5.2.jar;C:\Users\akabba-adm\.m2\repository\org\apache\maven\maven-artifact\3.1.1\maven-artifact-3.1.1.jar;C:\Users\akabba-adm\.m2\repository\org\apache\maven\maven-model\3.1.1\maven-model-3.1.1.jar;C:\Users\akabba-adm\.m2\repository\org\apache\maven\maven-core\3.1.1\maven-core-3.1.1.jar;C:\Users\akabba-adm\.m2\repository\org\apache\maven\maven-settings\3.1.1\maven-settings-3.1.1.jar;C:\Users\akabba-adm\.m2\repository\org\apache\maven\maven-settings-builder\3.1.1\maven-settings-builder-3.1.1.jar;C:\Users\akabba-adm\.m2\repository\org\apache\maven\maven-repository-metadata\3.1.1\maven-repository-metadata-3.1.1.jar;C:\Users\akabba-adm\.m2\repository\org\apache\maven\maven-plugin-api\3.1.1\maven-plugin-api-3.1.1.jar;C:\Users\akabba-adm\.m2\repository\org\apache\maven\maven-model-builder\3.1.1\maven-model-builder-3.1.1.jar;C:\Users\akabba-adm\.m2\repository\org\apache\maven\maven-aether-provider\3.1.1\maven-aether-provider-3.1.1.jar;C:\Users\akabba-adm\.m2\repository\org\eclipse\aether\aether-spi\0.9.0.M2\aether-spi-0.9.0.M2.jar;C:\Users\akabba-adm\.m2\repository\org\eclipse\aether\aether-impl\0.9.0.M2\aether-impl-0.9.0.M2.jar;C:\Users\akabba-adm\.m2\repository\org\eclipse\aether\aether-api\0.9.0.M2\aether-api-0.9.0.M2.jar;C:\Users\akabba-adm\.m2\repository\org\eclipse\sisu\org.eclipse.sisu.plexus\0.0.0.M5\org.eclipse.sisu.plexus-0.0.0.M5.jar;C:\Users\akabba-adm\.m2\repository\javax\enterprise\cdi-api\1.0\cdi-api-1.0.jar;C:\Users\akabba-adm\.m2\repository\javax\annotation\jsr250-api\1.0\jsr250-api-1.0.jar;C:\Users\akabba-adm\.m2\repository\javax\inject\javax.inject\1\javax.inject-1.jar;C:\Users\akabba-adm\.m2\repository\com\google\guava\guava\10.0.1\guava-10.0.1.jar;C:\Users\akabba-adm\.m2\repository\com\google\code\findbugs\jsr305\1.3.9\jsr305-1.3.9.jar;C:\Users\akabba-adm\.m2\repository\org\sonatype\sisu\sisu-guice\3.1.0\sisu-guice-3.1.0-no_aop.jar;C:\Users\akabba-adm\.m2\repository\aopalliance\aopalliance\1.0\aopalliance-1.0.jar;C:\Users\akabba-adm\.m2\repository\org\eclipse\sisu\org.eclipse.sisu.inject\0.0.0.M5\org.eclipse.sisu.inject-0.0.0.M5.jar;C:\Users\akabba-adm\.m2\repository\org\codehaus\plexus\plexus-classworlds\2.5.1\plexus-classworlds-2.5.1.jar;C:\Users\akabba-adm\.m2\repository\org\sonatype\plexus\plexus-sec-dispatcher\1.3\plexus-sec-dispatcher-1.3.jar;C:\Users\akabba-adm\.m2\repository\org\sonatype\plexus\plexus-cipher\1.4\plexus-cipher-1.4.jar;C:\Users\akabba-adm\.m2\repository\org\apache\maven\shared\maven-shared-utils\3.3.3\maven-shared-utils-3.3.3.jar;C:\Users\akabba-adm\.m2\repository\org\apache\commons\commons-compress\1.20\commons-compress-1.20.jar;C:\Users\akabba-adm\.m2\repository\org\codehaus\plexus\plexus-archiver\4.2.7\plexus-archiver-4.2.7.jar;C:\Users\akabba-adm\.m2\repository\org\codehaus\plexus\plexus-io\3.2.0\plexus-io-3.2.0.jar;C:\Users\akabba-adm\.m2\repository\org\iq80\snappy\snappy\0.4\snappy-0.4.jar;C:\Users\akabba-adm\.m2\repository\org\tukaani\xz\1.9\xz-1.9.jar;C:\Users\akabba-adm\.m2\repository\org\codehaus\plexus\plexus-interpolation\1.26\plexus-interpolation-1.26.jar;C:\Users\akabba-adm\.m2\repository\org\apache\maven\shared\maven-dependency-tree\3.0\maven-dependency-tree-3.0.jar;C:\Users\akabba-adm\.m2\repository\org\codehaus\plexus\plexus-component-annotations\1.6\plexus-component-annotations-1.6.jar;C:\Users\akabba-adm\.m2\repository\org\eclipse\aether\aether-util\0.9.0.M2\aether-util-0.9.0.M2.jar;C:\Users\akabba-adm\.m2\repository\org\codehaus\plexus\plexus-utils\3.3.0\plexus-utils-3.3.0.jar;C:\Users\akabba-adm\.m2\repository\org\sonatype\plexus\plexus-build-api\0.0.7\plexus-build-api-0.0.7.jar;C:\Users\akabba-adm\.m2\repository\org\apache\maven\doxia\doxia-sink-api\1.0\doxia-sink-api-1.0.jar;C:\Users\akabba-adm\.m2\repository\org\apache\maven\doxia\doxia-site-renderer\1.0\doxia-site-renderer-1.0.jar;C:\Users\akabba-adm\.m2\repository\org\apache\maven\doxia\doxia-core\1.0\doxia-core-1.0.jar;C:\Users\akabba-adm\.m2\repository\org\codehaus\plexus\plexus-i18n\1.0-beta-7\plexus-i18n-1.0-beta-7.jar;C:\Users\akabba-adm\.m2\repository\org\codehaus\plexus\plexus-container-default\1.0-alpha-30\plexus-container-default-1.0-alpha-30.jar;C:\Users\akabba-adm\.m2\repository\org\codehaus\plexus\plexus-velocity\1.1.7\plexus-velocity-1.1.7.jar;C:\Users\akabba-adm\.m2\repository\org\apache\velocity\velocity\1.5\velocity-1.5.jar;C:\Users\akabba-adm\.m2\repository\commons-lang\commons-lang\2.1\commons-lang-2.1.jar;C:\Users\akabba-adm\.m2\repository\oro\oro\2.0.8\oro-2.0.8.jar;C:\Users\akabba-adm\.m2\repository\org\apache\maven\doxia\doxia-decoration-model\1.0\doxia-decoration-model-1.0.jar;C:\Users\akabba-adm\.m2\repository\commons-collections\commons-collections\3.2\commons-collections-3.2.jar;C:\Users\akabba-adm\.m2\repository\org\apache\maven\doxia\doxia-module-apt\1.0\doxia-module-apt-1.0.jar;C:\Users\akabba-adm\.m2\repository\org\apache\maven\doxia\doxia-module-fml\1.0\doxia-module-fml-1.0.jar;C:\Users\akabba-adm\.m2\repository\org\apache\maven\doxia\doxia-module-xdoc\1.0\doxia-module-xdoc-1.0.jar;C:\Users\akabba-adm\.m2\repository\org\apache\maven\doxia\doxia-module-xhtml\1.0\doxia-module-xhtml-1.0.jar;C:\Users\akabba-adm\.m2\repository\net\tirasa\connid\connector-test-common\1.4.3.0\connector-test-common-1.4.3.0.jar;C:\Users\akabba-adm\.m2\repository\commons-io\commons-io\2.4\commons-io-2.4.jar;C:\Users\akabba-adm\.m2\repository\junit\junit\4.12\junit-4.12.jar;C:\Users\akabba-adm\.m2\repository\org\hamcrest\hamcrest-core\1.3\hamcrest-core-1.3.jar;C:\Users\akabba-adm\.m2\repository\org\junit\jupiter\junit-jupiter\5.13.0-M2\junit-jupiter-5.13.0-M2.jar;C:\Users\akabba-adm\.m2\repository\org\junit\jupiter\junit-jupiter-api\5.13.0-M2\junit-jupiter-api-5.13.0-M2.jar;C:\Users\akabba-adm\.m2\repository\org\opentest4j\opentest4j\1.3.0\opentest4j-1.3.0.jar;C:\Users\akabba-adm\.m2\repository\org\junit\platform\junit-platform-commons\1.13.0-M2\junit-platform-commons-1.13.0-M2.jar;C:\Users\akabba-adm\.m2\repository\org\apiguardian\apiguardian-api\1.1.2\apiguardian-api-1.1.2.jar;C:\Users\akabba-adm\.m2\repository\org\junit\jupiter\junit-jupiter-params\5.13.0-M2\junit-jupiter-params-5.13.0-M2.jar;C:\Users\akabba-adm\.m2\repository\org\junit\jupiter\junit-jupiter-engine\5.13.0-M2\junit-jupiter-engine-5.13.0-M2.jar;C:\Users\akabba-adm\.m2\repository\org\junit\platform\junit-platform-engine\1.13.0-M2\junit-platform-engine-1.13.0-M2.jar;C:\Users\akabba-adm\.m2\repository\org\mockito\mockito-core\5.16.0\mockito-core-5.16.0.jar;C:\Users\akabba-adm\.m2\repository\net\bytebuddy\byte-buddy\1.15.11\byte-buddy-1.15.11.jar;C:\Users\akabba-adm\.m2\repository\net\bytebuddy\byte-buddy-agent\1.15.11\byte-buddy-agent-1.15.11.jar;C:\Users\akabba-adm\.m2\repository\org\objenesis\objenesis\3.3\objenesis-3.3.jar;"/>
    <property name="sun.cpu.endian" value="little"/>
    <property name="user.home" value="C:\Users\akabba-adm"/>
    <property name="user.language" value="en"/>
    <property name="java.specification.vendor" value="Oracle Corporation"/>
    <property name="java.version.date" value="2025-01-21"/>
    <property name="java.home" value="C:\Program Files\Java\jdk-21"/>
    <property name="file.separator" value="\"/>
    <property name="basedir" value="C:\Users\akabba-adm\Desktop\Conn\ScriptConnector"/>
    <property name="java.vm.compressedOopsMode" value="32-bit"/>
    <property name="line.separator" value="&#10;"/>
    <property name="java.vm.specification.vendor" value="Oracle Corporation"/>
    <property name="java.specification.name" value="Java Platform API Specification"/>
    <property name="surefire.real.class.path" value="C:\Users\akabba-adm\AppData\Local\Temp\2\surefire12228120177296487925\surefirebooter-20250325094247318_3.jar"/>
    <property name="user.script" value=""/>
    <property name="sun.management.compiler" value="HotSpot 64-Bit Tiered Compilers"/>
    <property name="java.runtime.version" value="21.0.6+8-LTS-188"/>
    <property name="user.name" value="akabba-adm"/>
    <property name="stdout.encoding" value="Cp1252"/>
    <property name="path.separator" value=";"/>
    <property name="os.version" value="10.0"/>
    <property name="java.runtime.name" value="Java(TM) SE Runtime Environment"/>
    <property name="file.encoding" value="UTF-8"/>
    <property name="java.vm.name" value="Java HotSpot(TM) 64-Bit Server VM"/>
    <property name="localRepository" value="C:\Users\akabba-adm\.m2\repository"/>
    <property name="java.vendor.url.bug" value="https://bugreport.java.com/bugreport/"/>
    <property name="java.io.tmpdir" value="C:\Users\AKABBA~1\AppData\Local\Temp\2\"/>
    <property name="java.version" value="21.0.6"/>
    <property name="user.dir" value="C:\Users\akabba-adm\Desktop\Conn\ScriptConnector"/>
    <property name="os.arch" value="amd64"/>
    <property name="java.vm.specification.name" value="Java Virtual Machine Specification"/>
    <property name="user.language.format" value="fr"/>
    <property name="sun.os.patch.level" value=""/>
    <property name="native.encoding" value="Cp1252"/>
    <property name="java.library.path" value="C:\Program Files\Java\jdk-21\bin;C:\Windows\Sun\Java\bin;C:\Windows\system32;C:\Windows;C:\Program Files\Common Files\Oracle\Java\javapath;C:\Windows\system32;C:\Windows;C:\Windows\System32\Wbem;C:\Windows\System32\WindowsPowerShell\v1.0\;C:\Windows\System32\OpenSSH\;C:\Program Files\PostgreSQL\16\bin;C:\Program Files\Git\cmd;C:\maven\apache-maven-3.9.9\bin;C:\Program Files\Java\jdk-21\bin;C:\Users\akabba-adm\AppData\Local\Microsoft\WindowsApps;C:\Users\akabba-adm\AppData\Local\Programs\Microsoft VS Code\bin;C:\Program Files\JetBrains\IntelliJ IDEA 2024.3.2.2\bin;;."/>
    <property name="java.vm.info" value="mixed mode, sharing"/>
    <property name="stderr.encoding" value="Cp1252"/>
    <property name="java.vendor" value="Oracle Corporation"/>
    <property name="java.vm.version" value="21.0.6+8-LTS-188"/>
    <property name="sun.io.unicode.encoding" value="UnicodeLittle"/>
    <property name="java.class.version" value="65.0"/>
  </properties>
  <testcase name="testDeleteOperation" classname="ScriptConnector.ScriptConnectorTest" time="2.515">
    <system-err><![CDATA[Mockito is currently self-attaching to enable the inline-mock-maker. This will no longer work in future releases of the JDK. Please add Mockito as an agent to your build as described in Mockito's documentation: https://javadoc.io/doc/org.mockito/mockito-core/latest/org/mockito/Mockito.html#0.3
WARNING: A Java agent has been loaded dynamically (C:\Users\akabba-adm\.m2\repository\net\bytebuddy\byte-buddy-agent\1.15.11\byte-buddy-agent-1.15.11.jar)
WARNING: If a serviceability tool is in use, please run with -XX:+EnableDynamicAgentLoading to hide this warning
WARNING: If a serviceability tool is not in use, please run with -Djdk.instrument.traceUsage for more information
WARNING: Dynamic loading of agents will be disallowed by default in a future release
]]></system-err>
  </testcase>
  <testcase name="testUpdateOperation" classname="ScriptConnector.ScriptConnectorTest" time="0.038"/>
  <testcase name="testCreateOperation" classname="ScriptConnector.ScriptConnectorTest" time="0.009"/>
</testsuite>